Arguments: 
  /usr/bin/node /snap/node/7588/bin/yarn.js start

PATH: 
  /home/iam_vishnu/.local/bin:/home/iam_vishnu/.local/bin:/usr/local/sbin:/usr/local/bin:/usr/sbin:/usr/bin:/sbin:/bin:/usr/games:/usr/local/games:/snap/bin:/snap/bin:/home/iam_vishnu/.local/bin:/home/iam_vishnu/.local/bin:/home/iam_vishnu/Android/Sdk/emulator:/home/iam_vishnu/Android/Sdk/platform-tools:/home/iam_vishnu/.local/bin:/home/iam_vishnu/.local/bin:/home/iam_vishnu/Android/Sdk/emulator:/home/iam_vishnu/Android/Sdk/platform-tools

Yarn version: 
  1.22.19

Node version: 
  18.13.0

Platform: 
  linux x64

Trace: 
  SyntaxError: /home/iam_vishnu/Desktop/Alphalize/Alphalize@1/package.json: Unexpected string in JSON at position 709
      at JSON.parse (<anonymous>)
      at /snap/node/7588/lib/cli.js:1629:59
      at Generator.next (<anonymous>)
      at step (/snap/node/7588/lib/cli.js:310:30)
      at /snap/node/7588/lib/cli.js:321:13

npm manifest: 
  {
    "name": "shanzapp",
    "version": "1.0.0",
    "main": "node_modules/expo/AppEntry.js",
    "scripts": {
      "start": "expo start",
      "android": "expo start --android",
      "ios": "expo start --ios",
      "web": "expo start --web"
    },
    "dependencies": {
      "@react-navigation/bottom-tabs": "^6.2.0",
      "@react-navigation/native": "^6.1.7",
      "expo": "^49.0.4",
      "expo-status-bar": "~1.6.0",
      "react": "18.2.0",
      "react-native": "0.72.3",
      "react-native-elements": "^3.4.3",
      "react-native-gesture-handler": "^2.12.0",
      "react-native-paper": "^5.9.1",
      "react-native-safe-area-context": "4.6.3",
      "react-native-screens": "^3.22.1",
      "react-native-vector-icons": "^10.0.0"
      "@react-native-async-storage/async-storage": "1.17.11",
      "@react-navigation/native": "^6.1.7",
      "@react-navigation/native-stack": "^6.9.13",
      "axios": "^1.4.0",
      "expo": "~48.0.18",
      "expo-splash-screen": "~0.18.2",
      "expo-status-bar": "~1.4.4",
      "formik": "^2.4.2",
      "react": "18.2.0",
      "react-native": "0.71.8",
      "react-native-reanimated": "~2.14.4",
      "react-native-safe-area-context": "4.5.0",
      "react-native-screens": "~3.20.0",
      "react-native-stylish-accordion": "^1.0.9",
      "react-native-vector-icons": "^10.0.0",
      "yup": "^1.2.0"
    },
    "devDependencies": {
      "@babel/core": "^7.20.0"
    },
    "private": true
  }

yarn manifest: 
  No manifest

Lockfile: 
  No lockfile
